#
# A fatal error has been detected by the Java Runtime Environment:
#
#  Internal Error (classFileParser.cpp:3375), pid=2029, tid=140646190892800
#  Error: ShouldNotReachHere()
#
# JRE version: 6.0_20-b20
# Java VM: OpenJDK 64-Bit Server VM (19.0-b09 mixed mode linux-amd64 compressed oops)
# Derivative: IcedTea6 1.9.5
# Distribution: Ubuntu 10.04.1 LTS, package 6b20-1.9.5-0ubuntu1~10.04.1
# If you would like to submit a bug report, please include
# instructions how to reproduce the bug and visit:
#   https://bugs.launchpad.net/ubuntu/+source/openjdk-6/
#

---------------  T H R E A D  ---------------

Current thread (0x0000000001c28000):  JavaThread "Unknown thread" [_thread_in_vm, id=2030, stack(0x00007feabe2f4000,0x00007feabe3f5000)]

Stack: [0x00007feabe2f4000,0x00007feabe3f5000],  sp=0x00007feabe3f2fa0,  free space=1019k
Native frames: (J=compiled Java code, j=interpreted, Vv=VM code, C=native code)
V  [libjvm.so+0x71251c]
V  [libjvm.so+0x71273b]
V  [libjvm.so+0x328af6]
V  [libjvm.so+0x2b8fa3]
V  [libjvm.so+0x2bc07e]
V  [libjvm.so+0x6abda4]
V  [libjvm.so+0x6ac78f]
V  [libjvm.so+0x6acc43]
V  [libjvm.so+0x6acd95]
V  [libjvm.so+0x6ace09]
V  [libjvm.so+0x6acf12]
V  [libjvm.so+0x6ee75f]
V  [libjvm.so+0x6ef154]
V  [libjvm.so+0x3eb8ca]
V  [libjvm.so+0x6dad43]
V  [libjvm.so+0x432d40]
C  [java+0x2ace]  JavaMain+0x7e


---------------  P R O C E S S  ---------------

Java Threads: ( => current thread )

Other Threads:

=>0x0000000001c28000 (exited) JavaThread "Unknown thread" [_thread_in_vm, id=2030, stack(0x00007feabe2f4000,0x00007feabe3f5000)]

VM state:not at safepoint (not fully initialized)

VM Mutex/Monitor currently owned by a thread: None

Dynamic libraries:
00400000-00409000 r-xp 00000000 08:05 3277265                            /usr/lib/jvm/java-6-openjdk/jre/bin/java
00608000-00609000 r--p 00008000 08:05 3277265                            /usr/lib/jvm/java-6-openjdk/jre/bin/java
00609000-0060a000 rw-p 00009000 08:05 3277265                            /usr/lib/jvm/java-6-openjdk/jre/bin/java
01c1f000-01c85000 rw-p 00000000 00:00 0                                  [heap]
b7a00000-b8ec0000 rw-p 00000000 00:00 0 
b8ec0000-c2000000 rw-p 00000000 00:00 0 
c2000000-c4960000 rw-p 00000000 00:00 0 
c4960000-eb560000 rw-p 00000000 00:00 0 
eb560000-eca00000 rw-p 00000000 00:00 0 
eca00000-100000000 rw-p 00000000 00:00 0 
7feab0000000-7feab0021000 rw-p 00000000 00:00 0 
7feab0021000-7feab4000000 ---p 00000000 00:00 0 
7feab7d79000-7feab7dd8000 r--s 00492000 08:05 9051826                    /home/marcelolecar/Programacao/eclipseHelios/android/android-sdk-linux_x86/platforms/android-7/android.jar
7feab7dd8000-7feab7e00000 rw-p 00000000 00:00 0 
7feab7e00000-7feab7e01000 ---p 00000000 00:00 0 
7feab7e01000-7feab7f01000 rw-p 00000000 00:00 0 
7feab7f01000-7feab7f02000 ---p 00000000 00:00 0 
7feab7f02000-7feab8002000 rw-p 00000000 00:00 0 
7feab8002000-7feab8003000 ---p 00000000 00:00 0 
7feab8003000-7feab8103000 rw-p 00000000 00:00 0 
7feab8103000-7feab8104000 ---p 00000000 00:00 0 
7feab8104000-7feab820f000 rw-p 00000000 00:00 0 
7feab820f000-7feab8257000 rw-p 00000000 00:00 0 
7feab8257000-7feab826c000 rw-p 00000000 00:00 0 
7feab826c000-7feab83a2000 rw-p 00000000 00:00 0 
7feab83a2000-7feab83ad000 rw-p 00000000 00:00 0 
7feab83ad000-7feab83f5000 rw-p 00000000 00:00 0 
7feab83f5000-7feab840a000 rw-p 00000000 00:00 0 
7feab840a000-7feab853f000 rw-p 00000000 00:00 0 
7feab853f000-7feab854a000 rw-p 00000000 00:00 0 
7feab854a000-7feab85e5000 rw-p 00000000 00:00 0 
7feab85e5000-7feab85e6000 rw-p 00000000 00:00 0 
7feab85e6000-7feab8856000 rwxp 00000000 00:00 0 
7feab8856000-7feabb5e6000 rw-p 00000000 00:00 0 
7feabb5e6000-7feabb5ed000 r-xp 00000000 08:05 3146806                    /usr/lib/jvm/java-6-openjdk/jre/lib/amd64/libzip.so
7feabb5ed000-7feabb7ec000 ---p 00007000 08:05 3146806                    /usr/lib/jvm/java-6-openjdk/jre/lib/amd64/libzip.so
7feabb7ec000-7feabb7ed000 r--p 00006000 08:05 3146806                    /usr/lib/jvm/java-6-openjdk/jre/lib/amd64/libzip.so
7feabb7ed000-7feabb7ee000 rw-p 00007000 08:05 3146806                    /usr/lib/jvm/java-6-openjdk/jre/lib/amd64/libzip.so
7feabb7ee000-7feabb7fa000 r-xp 00000000 08:05 9965691                    /lib/libnss_files-2.11.1.so
7feabb7fa000-7feabb9f9000 ---p 0000c000 08:05 9965691                    /lib/libnss_files-2.11.1.so
7feabb9f9000-7feabb9fa000 r--p 0000b000 08:05 9965691                    /lib/libnss_files-2.11.1.so
7feabb9fa000-7feabb9fb000 rw-p 0000c000 08:05 9965691                    /lib/libnss_files-2.11.1.so
7feabb9fb000-7feabba05000 r-xp 00000000 08:05 9965693                    /lib/libnss_nis-2.11.1.so
7feabba05000-7feabbc04000 ---p 0000a000 08:05 9965693                    /lib/libnss_nis-2.11.1.so
7feabbc04000-7feabbc05000 r--p 00009000 08:05 9965693                    /lib/libnss_nis-2.11.1.so
7feabbc05000-7feabbc06000 rw-p 0000a000 08:05 9965693                    /lib/libnss_nis-2.11.1.so
7feabbc06000-7feabbc0e000 r-xp 00000000 08:05 9965687                    /lib/libnss_compat-2.11.1.so
7feabbc0e000-7feabbe0d000 ---p 00008000 08:05 9965687                    /lib/libnss_compat-2.11.1.so
7feabbe0d000-7feabbe0e000 r--p 00007000 08:05 9965687                    /lib/libnss_compat-2.11.1.so
7feabbe0e000-7feabbe0f000 rw-p 00008000 08:05 9965687                    /lib/libnss_compat-2.11.1.so
7feabbe0f000-7feabbe17000 r-xp 00000000 08:05 3277244                    /usr/lib/jvm/java-6-openjdk/jre/lib/amd64/native_threads/libhpi.so
7feabbe17000-7feabc016000 ---p 00008000 08:05 3277244                    /usr/lib/jvm/java-6-openjdk/jre/lib/amd64/native_threads/libhpi.so
7feabc016000-7feabc017000 r--p 00007000 08:05 3277244                    /usr/lib/jvm/java-6-openjdk/jre/lib/amd64/native_threads/libhpi.so
7feabc017000-7feabc018000 rw-p 00008000 08:05 3277244                    /usr/lib/jvm/java-6-openjdk/jre/lib/amd64/native_threads/libhpi.so
7feabc018000-7feabc02f000 r-xp 00000000 08:05 9962084                    /lib/libnsl-2.11.1.so
7feabc02f000-7feabc22e000 ---p 00017000 08:05 9962084                    /lib/libnsl-2.11.1.so
7feabc22e000-7feabc22f000 r--p 00016000 08:05 9962084                    /lib/libnsl-2.11.1.so
7feabc22f000-7feabc230000 rw-p 00017000 08:05 9962084                    /lib/libnsl-2.11.1.so
7feabc230000-7feabc232000 rw-p 00000000 00:00 0 
7feabc232000-7feabc25f000 r-xp 00000000 08:05 3146789                    /usr/lib/jvm/java-6-openjdk/jre/lib/amd64/libjava.so
7feabc25f000-7feabc45e000 ---p 0002d000 08:05 3146789                    /usr/lib/jvm/java-6-openjdk/jre/lib/amd64/libjava.so
7feabc45e000-7feabc45f000 r--p 0002c000 08:05 3146789                    /usr/lib/jvm/java-6-openjdk/jre/lib/amd64/libjava.so
7feabc45f000-7feabc462000 rw-p 0002d000 08:05 3146789                    /usr/lib/jvm/java-6-openjdk/jre/lib/amd64/libjava.so
7feabc462000-7feabc471000 r-xp 00000000 08:05 3146805                    /usr/lib/jvm/java-6-openjdk/jre/lib/amd64/libverify.so
7feabc471000-7feabc670000 ---p 0000f000 08:05 3146805                    /usr/lib/jvm/java-6-openjdk/jre/lib/amd64/libverify.so
7feabc670000-7feabc672000 r--p 0000e000 08:05 3146805                    /usr/lib/jvm/java-6-openjdk/jre/lib/amd64/libverify.so
7feabc672000-7feabc673000 rw-p 00010000 08:05 3146805                    /usr/lib/jvm/java-6-openjdk/jre/lib/amd64/libverify.so
7feabc673000-7feabc67a000 r-xp 00000000 08:05 9965704                    /lib/librt-2.11.1.so
7feabc67a000-7feabc879000 ---p 00007000 08:05 9965704                    /lib/librt-2.11.1.so
7feabc879000-7feabc87a000 r--p 00006000 08:05 9965704                    /lib/librt-2.11.1.so
7feabc87a000-7feabc87b000 rw-p 00007000 08:05 9965704                    /lib/librt-2.11.1.so
7feabc87b000-7feabc8fd000 r-xp 00000000 08:05 9962082                    /lib/libm-2.11.1.so
7feabc8fd000-7feabcafc000 ---p 00082000 08:05 9962082                    /lib/libm-2.11.1.so
7feabcafc000-7feabcafd000 r--p 00081000 08:05 9962082                    /lib/libm-2.11.1.so
7feabcafd000-7feabcafe000 rw-p 00082000 08:05 9962082                    /lib/libm-2.11.1.so
7feabcafe000-7feabd373000 r-xp 00000000 08:05 3277245                    /usr/lib/jvm/java-6-openjdk/jre/lib/amd64/server/libjvm.so
7feabd373000-7feabd572000 ---p 00875000 08:05 3277245                    /usr/lib/jvm/java-6-openjdk/jre/lib/amd64/server/libjvm.so
7feabd572000-7feabd5e8000 r--p 00874000 08:05 3277245                    /usr/lib/jvm/java-6-openjdk/jre/lib/amd64/server/libjvm.so
7feabd5e8000-7feabd603000 rw-p 008ea000 08:05 3277245                    /usr/lib/jvm/java-6-openjdk/jre/lib/amd64/server/libjvm.so
7feabd603000-7feabd63c000 rw-p 00000000 00:00 0 
7feabd63c000-7feabd7b6000 r-xp 00000000 08:05 9962078                    /lib/libc-2.11.1.so
7feabd7b6000-7feabd9b5000 ---p 0017a000 08:05 9962078                    /lib/libc-2.11.1.so
7feabd9b5000-7feabd9b9000 r--p 00179000 08:05 9962078                    /lib/libc-2.11.1.so
7feabd9b9000-7feabd9ba000 rw-p 0017d000 08:05 9962078                    /lib/libc-2.11.1.so
7feabd9ba000-7feabd9bf000 rw-p 00000000 00:00 0 
7feabd9bf000-7feabd9c1000 r-xp 00000000 08:05 9962081                    /lib/libdl-2.11.1.so
7feabd9c1000-7feabdbc1000 ---p 00002000 08:05 9962081                    /lib/libdl-2.11.1.so
7feabdbc1000-7feabdbc2000 r--p 00002000 08:05 9962081                    /lib/libdl-2.11.1.so
7feabdbc2000-7feabdbc3000 rw-p 00003000 08:05 9962081                    /lib/libdl-2.11.1.so
7feabdbc3000-7feabdbc7000 r-xp 00000000 08:05 3277243                    /usr/lib/jvm/java-6-openjdk/jre/lib/amd64/jli/libjli.so
7feabdbc7000-7feabddc6000 ---p 00004000 08:05 3277243                    /usr/lib/jvm/java-6-openjdk/jre/lib/amd64/jli/libjli.so
7feabddc6000-7feabddc7000 r--p 00003000 08:05 3277243                    /usr/lib/jvm/java-6-openjdk/jre/lib/amd64/jli/libjli.so
7feabddc7000-7feabddc8000 rw-p 00004000 08:05 3277243                    /usr/lib/jvm/java-6-openjdk/jre/lib/amd64/jli/libjli.so
7feabddc8000-7feabdde0000 r-xp 00000000 08:05 9965702                    /lib/libpthread-2.11.1.so
7feabdde0000-7feabdfdf000 ---p 00018000 08:05 9965702                    /lib/libpthread-2.11.1.so
7feabdfdf000-7feabdfe0000 r--p 00017000 08:05 9965702                    /lib/libpthread-2.11.1.so
7feabdfe0000-7feabdfe1000 rw-p 00018000 08:05 9965702                    /lib/libpthread-2.11.1.so
7feabdfe1000-7feabdfe5000 rw-p 00000000 00:00 0 
7feabdfe5000-7feabdffb000 r-xp 00000000 08:05 9961666                    /lib/libz.so.1.2.3.3
7feabdffb000-7feabe1fa000 ---p 00016000 08:05 9961666                    /lib/libz.so.1.2.3.3
7feabe1fa000-7feabe1fb000 r--p 00015000 08:05 9961666                    /lib/libz.so.1.2.3.3
7feabe1fb000-7feabe1fc000 rw-p 00016000 08:05 9961666                    /lib/libz.so.1.2.3.3
7feabe1fc000-7feabe21c000 r-xp 00000000 08:05 9961550                    /lib/ld-2.11.1.so
7feabe234000-7feabe23e000 rw-p 00000000 00:00 0 
7feabe23e000-7feabe2f4000 rw-p 00000000 00:00 0 
7feabe2f4000-7feabe2f7000 ---p 00000000 00:00 0 
7feabe2f7000-7feabe3fa000 rw-p 00000000 00:00 0 
7feabe40f000-7feabe417000 rw-s 00000000 08:05 4719497                    /tmp/hsperfdata_marcelolecar/2029
7feabe417000-7feabe418000 rw-p 00000000 00:00 0 
7feabe418000-7feabe419000 r--p 00000000 00:00 0 
7feabe419000-7feabe41b000 rw-p 00000000 00:00 0 
7feabe41b000-7feabe41c000 r--p 0001f000 08:05 9961550                    /lib/ld-2.11.1.so
7feabe41c000-7feabe41d000 rw-p 00020000 08:05 9961550                    /lib/ld-2.11.1.so
7feabe41d000-7feabe41e000 rw-p 00000000 00:00 0 
7fff7238f000-7fff723a4000 rw-p 00000000 00:00 0                          [stack]
7fff723ff000-7fff72400000 r-xp 00000000 00:00 0                          [vdso]
ffffffffff600000-ffffffffff601000 r-xp 00000000 00:00 0                  [vsyscall]

VM Arguments:
jvm_args: -Dfile.encoding=UTF-8 -Xbootclasspath:/home/marcelolecar/Programacao/eclipseHelios/android/android-sdk-linux_x86/platforms/android-7/android.jar 
java_command: br.com.mlc.lponto2.DateUtil
Launcher Type: SUN_STANDARD

Environment Variables:
PATH=/usr/local/sbin:/usr/local/bin:/usr/sbin:/usr/bin:/sbin:/bin:/usr/games
USERNAME=marcelolecar
LD_LIBRARY_PATH=/usr/lib/jvm/java-6-openjdk/jre/lib/amd64/server:/usr/lib/jvm/java-6-openjdk/jre/lib/amd64:/usr/lib/jvm/java-6-openjdk/jre/../lib/amd64:/usr/lib64/xulrunner-addons
SHELL=/bin/bash
DISPLAY=:0.0

Signal Handlers:
SIGSEGV: [libjvm.so+0x713120], sa_mask[0]=0x7ffbfeff, sa_flags=0x10000004
SIGBUS: [libjvm.so+0x713120], sa_mask[0]=0x7ffbfeff, sa_flags=0x10000004
SIGFPE: [libjvm.so+0x5d48c0], sa_mask[0]=0x7ffbfeff, sa_flags=0x10000004
SIGPIPE: [libjvm.so+0x5d48c0], sa_mask[0]=0x7ffbfeff, sa_flags=0x10000004
SIGXFSZ: [libjvm.so+0x5d48c0], sa_mask[0]=0x7ffbfeff, sa_flags=0x10000004
SIGILL: [libjvm.so+0x5d48c0], sa_mask[0]=0x7ffbfeff, sa_flags=0x10000004
SIGUSR1: SIG_DFL, sa_mask[0]=0x00000000, sa_flags=0x00000000
SIGUSR2: [libjvm.so+0x5d3fd0], sa_mask[0]=0x00000004, sa_flags=0x10000004
SIGHUP: SIG_DFL, sa_mask[0]=0x00000000, sa_flags=0x00000000
SIGINT: SIG_DFL, sa_mask[0]=0x00000000, sa_flags=0x00000000
SIGTERM: SIG_DFL, sa_mask[0]=0x00000000, sa_flags=0x00000000
SIGQUIT: SIG_DFL, sa_mask[0]=0x00000000, sa_flags=0x00000000


---------------  S Y S T E M  ---------------

OS:Ubuntu 10.04 (lucid)
uname:Linux 2.6.32-28-generic #55-Ubuntu SMP Mon Jan 10 23:42:43 UTC 2011 x86_64
libc:glibc 2.11.1 NPTL 2.11.1 
rlimit: STACK 8192k, CORE 0k, NPROC infinity, NOFILE 1024, AS infinity
load average:0.91 0.70 0.45

/proc/meminfo:
MemTotal:        4059692 kB
MemFree:         2457388 kB
Buffers:           49544 kB
Cached:           514756 kB
SwapCached:            0 kB
Active:           961268 kB
Inactive:         411744 kB
Active(anon):     809212 kB
Inactive(anon):     5048 kB
Active(file):     152056 kB
Inactive(file):   406696 kB
Unevictable:          16 kB
Mlocked:              16 kB
SwapTotal:       5370872 kB
SwapFree:        5370872 kB
Dirty:               304 kB
Writeback:             0 kB
AnonPages:        808592 kB
Mapped:           142660 kB
Shmem:              5492 kB
Slab:              55672 kB
SReclaimable:      36376 kB
SUnreclaim:        19296 kB
KernelStack:        2816 kB
PageTables:        25740 kB
NFS_Unstable:          0 kB
Bounce:                0 kB
WritebackTmp:          0 kB
CommitLimit:     7400716 kB
Committed_AS:    1685748 kB
VmallocTotal:   34359738367 kB
VmallocUsed:      338024 kB
VmallocChunk:   34359396348 kB
HardwareCorrupted:     0 kB
HugePages_Total:       0
HugePages_Free:        0
HugePages_Rsvd:        0
HugePages_Surp:        0
Hugepagesize:       2048 kB
DirectMap4k:       89536 kB
DirectMap2M:     4104192 kB


CPU:total 4 (4 cores per cpu, 1 threads per core) family 6 model 23 stepping 10, cmov, cx8, fxsr, mmx, sse, sse2, sse3, ssse3, sse4.1

Memory: 4k page, physical 4059692k(2457388k free), swap 5370872k(5370872k free)

vm_info: OpenJDK 64-Bit Server VM (19.0-b09) for linux-amd64 JRE (1.6.0_20-b20), built on Jan 27 2011 22:54:42 by "buildd" with gcc 4.4.3

time: Tue Mar  1 21:32:03 2011
elapsed time: 0 seconds

