#
# A fatal error has been detected by the Java Runtime Environment:
#
#  Internal Error (classFileParser.cpp:3375), pid=2087, tid=139806349797120
#  Error: ShouldNotReachHere()
#
# JRE version: 6.0_20-b20
# Java VM: OpenJDK 64-Bit Server VM (19.0-b09 mixed mode linux-amd64 compressed oops)
# Derivative: IcedTea6 1.9.5
# Distribution: Ubuntu 10.04.1 LTS, package 6b20-1.9.5-0ubuntu1~10.04.1
# If you would like to submit a bug report, please include
# instructions how to reproduce the bug and visit:
#   https://bugs.launchpad.net/ubuntu/+source/openjdk-6/
#

---------------  T H R E A D  ---------------

Current thread (0x00000000016f4000):  JavaThread "Unknown thread" [_thread_in_vm, id=2092, stack(0x00007f2733c12000,0x00007f2733d13000)]

Stack: [0x00007f2733c12000,0x00007f2733d13000],  sp=0x00007f2733d10fa0,  free space=1019k
Native frames: (J=compiled Java code, j=interpreted, Vv=VM code, C=native code)
V  [libjvm.so+0x71251c]
V  [libjvm.so+0x71273b]
V  [libjvm.so+0x328af6]
V  [libjvm.so+0x2b8fa3]
V  [libjvm.so+0x2bc07e]
V  [libjvm.so+0x6abda4]
V  [libjvm.so+0x6ac78f]
V  [libjvm.so+0x6acc43]
V  [libjvm.so+0x6acd95]
V  [libjvm.so+0x6ace09]
V  [libjvm.so+0x6acf12]
V  [libjvm.so+0x6ee75f]
V  [libjvm.so+0x6ef154]
V  [libjvm.so+0x3eb8ca]
V  [libjvm.so+0x6dad43]
V  [libjvm.so+0x432d40]
C  [java+0x2ace]  JavaMain+0x7e


---------------  P R O C E S S  ---------------

Java Threads: ( => current thread )

Other Threads:

=>0x00000000016f4000 (exited) JavaThread "Unknown thread" [_thread_in_vm, id=2092, stack(0x00007f2733c12000,0x00007f2733d13000)]

VM state:not at safepoint (not fully initialized)

VM Mutex/Monitor currently owned by a thread: None

Dynamic libraries:
00400000-00409000 r-xp 00000000 08:05 3277265                            /usr/lib/jvm/java-6-openjdk/jre/bin/java
00608000-00609000 r--p 00008000 08:05 3277265                            /usr/lib/jvm/java-6-openjdk/jre/bin/java
00609000-0060a000 rw-p 00009000 08:05 3277265                            /usr/lib/jvm/java-6-openjdk/jre/bin/java
016eb000-01751000 rw-p 00000000 00:00 0                                  [heap]
b7a00000-b8ec0000 rw-p 00000000 00:00 0 
b8ec0000-c2000000 rw-p 00000000 00:00 0 
c2000000-c4960000 rw-p 00000000 00:00 0 
c4960000-eb560000 rw-p 00000000 00:00 0 
eb560000-eca00000 rw-p 00000000 00:00 0 
eca00000-100000000 rw-p 00000000 00:00 0 
7f2728000000-7f2728021000 rw-p 00000000 00:00 0 
7f2728021000-7f272c000000 ---p 00000000 00:00 0 
7f272d697000-7f272d6f6000 r--s 00492000 08:05 9051826                    /home/marcelolecar/Programacao/eclipseHelios/android/android-sdk-linux_x86/platforms/android-7/android.jar
7f272d6f6000-7f272d71e000 rw-p 00000000 00:00 0 
7f272d71e000-7f272d71f000 ---p 00000000 00:00 0 
7f272d71f000-7f272d81f000 rw-p 00000000 00:00 0 
7f272d81f000-7f272d820000 ---p 00000000 00:00 0 
7f272d820000-7f272d920000 rw-p 00000000 00:00 0 
7f272d920000-7f272d921000 ---p 00000000 00:00 0 
7f272d921000-7f272da21000 rw-p 00000000 00:00 0 
7f272da21000-7f272da22000 ---p 00000000 00:00 0 
7f272da22000-7f272db2d000 rw-p 00000000 00:00 0 
7f272db2d000-7f272db75000 rw-p 00000000 00:00 0 
7f272db75000-7f272db8a000 rw-p 00000000 00:00 0 
7f272db8a000-7f272dcc0000 rw-p 00000000 00:00 0 
7f272dcc0000-7f272dccb000 rw-p 00000000 00:00 0 
7f272dccb000-7f272dd13000 rw-p 00000000 00:00 0 
7f272dd13000-7f272dd28000 rw-p 00000000 00:00 0 
7f272dd28000-7f272de5d000 rw-p 00000000 00:00 0 
7f272de5d000-7f272de68000 rw-p 00000000 00:00 0 
7f272de68000-7f272df03000 rw-p 00000000 00:00 0 
7f272df03000-7f272df04000 rw-p 00000000 00:00 0 
7f272df04000-7f272e174000 rwxp 00000000 00:00 0 
7f272e174000-7f2730f04000 rw-p 00000000 00:00 0 
7f2730f04000-7f2730f0b000 r-xp 00000000 08:05 3146806                    /usr/lib/jvm/java-6-openjdk/jre/lib/amd64/libzip.so
7f2730f0b000-7f273110a000 ---p 00007000 08:05 3146806                    /usr/lib/jvm/java-6-openjdk/jre/lib/amd64/libzip.so
7f273110a000-7f273110b000 r--p 00006000 08:05 3146806                    /usr/lib/jvm/java-6-openjdk/jre/lib/amd64/libzip.so
7f273110b000-7f273110c000 rw-p 00007000 08:05 3146806                    /usr/lib/jvm/java-6-openjdk/jre/lib/amd64/libzip.so
7f273110c000-7f2731118000 r-xp 00000000 08:05 9965691                    /lib/libnss_files-2.11.1.so
7f2731118000-7f2731317000 ---p 0000c000 08:05 9965691                    /lib/libnss_files-2.11.1.so
7f2731317000-7f2731318000 r--p 0000b000 08:05 9965691                    /lib/libnss_files-2.11.1.so
7f2731318000-7f2731319000 rw-p 0000c000 08:05 9965691                    /lib/libnss_files-2.11.1.so
7f2731319000-7f2731323000 r-xp 00000000 08:05 9965693                    /lib/libnss_nis-2.11.1.so
7f2731323000-7f2731522000 ---p 0000a000 08:05 9965693                    /lib/libnss_nis-2.11.1.so
7f2731522000-7f2731523000 r--p 00009000 08:05 9965693                    /lib/libnss_nis-2.11.1.so
7f2731523000-7f2731524000 rw-p 0000a000 08:05 9965693                    /lib/libnss_nis-2.11.1.so
7f2731524000-7f273152c000 r-xp 00000000 08:05 9965687                    /lib/libnss_compat-2.11.1.so
7f273152c000-7f273172b000 ---p 00008000 08:05 9965687                    /lib/libnss_compat-2.11.1.so
7f273172b000-7f273172c000 r--p 00007000 08:05 9965687                    /lib/libnss_compat-2.11.1.so
7f273172c000-7f273172d000 rw-p 00008000 08:05 9965687                    /lib/libnss_compat-2.11.1.so
7f273172d000-7f2731735000 r-xp 00000000 08:05 3277244                    /usr/lib/jvm/java-6-openjdk/jre/lib/amd64/native_threads/libhpi.so
7f2731735000-7f2731934000 ---p 00008000 08:05 3277244                    /usr/lib/jvm/java-6-openjdk/jre/lib/amd64/native_threads/libhpi.so
7f2731934000-7f2731935000 r--p 00007000 08:05 3277244                    /usr/lib/jvm/java-6-openjdk/jre/lib/amd64/native_threads/libhpi.so
7f2731935000-7f2731936000 rw-p 00008000 08:05 3277244                    /usr/lib/jvm/java-6-openjdk/jre/lib/amd64/native_threads/libhpi.so
7f2731936000-7f273194d000 r-xp 00000000 08:05 9962084                    /lib/libnsl-2.11.1.so
7f273194d000-7f2731b4c000 ---p 00017000 08:05 9962084                    /lib/libnsl-2.11.1.so
7f2731b4c000-7f2731b4d000 r--p 00016000 08:05 9962084                    /lib/libnsl-2.11.1.so
7f2731b4d000-7f2731b4e000 rw-p 00017000 08:05 9962084                    /lib/libnsl-2.11.1.so
7f2731b4e000-7f2731b50000 rw-p 00000000 00:00 0 
7f2731b50000-7f2731b7d000 r-xp 00000000 08:05 3146789                    /usr/lib/jvm/java-6-openjdk/jre/lib/amd64/libjava.so
7f2731b7d000-7f2731d7c000 ---p 0002d000 08:05 3146789                    /usr/lib/jvm/java-6-openjdk/jre/lib/amd64/libjava.so
7f2731d7c000-7f2731d7d000 r--p 0002c000 08:05 3146789                    /usr/lib/jvm/java-6-openjdk/jre/lib/amd64/libjava.so
7f2731d7d000-7f2731d80000 rw-p 0002d000 08:05 3146789                    /usr/lib/jvm/java-6-openjdk/jre/lib/amd64/libjava.so
7f2731d80000-7f2731d8f000 r-xp 00000000 08:05 3146805                    /usr/lib/jvm/java-6-openjdk/jre/lib/amd64/libverify.so
7f2731d8f000-7f2731f8e000 ---p 0000f000 08:05 3146805                    /usr/lib/jvm/java-6-openjdk/jre/lib/amd64/libverify.so
7f2731f8e000-7f2731f90000 r--p 0000e000 08:05 3146805                    /usr/lib/jvm/java-6-openjdk/jre/lib/amd64/libverify.so
7f2731f90000-7f2731f91000 rw-p 00010000 08:05 3146805                    /usr/lib/jvm/java-6-openjdk/jre/lib/amd64/libverify.so
7f2731f91000-7f2731f98000 r-xp 00000000 08:05 9965704                    /lib/librt-2.11.1.so
7f2731f98000-7f2732197000 ---p 00007000 08:05 9965704                    /lib/librt-2.11.1.so
7f2732197000-7f2732198000 r--p 00006000 08:05 9965704                    /lib/librt-2.11.1.so
7f2732198000-7f2732199000 rw-p 00007000 08:05 9965704                    /lib/librt-2.11.1.so
7f2732199000-7f273221b000 r-xp 00000000 08:05 9962082                    /lib/libm-2.11.1.so
7f273221b000-7f273241a000 ---p 00082000 08:05 9962082                    /lib/libm-2.11.1.so
7f273241a000-7f273241b000 r--p 00081000 08:05 9962082                    /lib/libm-2.11.1.so
7f273241b000-7f273241c000 rw-p 00082000 08:05 9962082                    /lib/libm-2.11.1.so
7f273241c000-7f2732c91000 r-xp 00000000 08:05 3277245                    /usr/lib/jvm/java-6-openjdk/jre/lib/amd64/server/libjvm.so
7f2732c91000-7f2732e90000 ---p 00875000 08:05 3277245                    /usr/lib/jvm/java-6-openjdk/jre/lib/amd64/server/libjvm.so
7f2732e90000-7f2732f06000 r--p 00874000 08:05 3277245                    /usr/lib/jvm/java-6-openjdk/jre/lib/amd64/server/libjvm.so
7f2732f06000-7f2732f21000 rw-p 008ea000 08:05 3277245                    /usr/lib/jvm/java-6-openjdk/jre/lib/amd64/server/libjvm.so
7f2732f21000-7f2732f5a000 rw-p 00000000 00:00 0 
7f2732f5a000-7f27330d4000 r-xp 00000000 08:05 9962078                    /lib/libc-2.11.1.so
7f27330d4000-7f27332d3000 ---p 0017a000 08:05 9962078                    /lib/libc-2.11.1.so
7f27332d3000-7f27332d7000 r--p 00179000 08:05 9962078                    /lib/libc-2.11.1.so
7f27332d7000-7f27332d8000 rw-p 0017d000 08:05 9962078                    /lib/libc-2.11.1.so
7f27332d8000-7f27332dd000 rw-p 00000000 00:00 0 
7f27332dd000-7f27332df000 r-xp 00000000 08:05 9962081                    /lib/libdl-2.11.1.so
7f27332df000-7f27334df000 ---p 00002000 08:05 9962081                    /lib/libdl-2.11.1.so
7f27334df000-7f27334e0000 r--p 00002000 08:05 9962081                    /lib/libdl-2.11.1.so
7f27334e0000-7f27334e1000 rw-p 00003000 08:05 9962081                    /lib/libdl-2.11.1.so
7f27334e1000-7f27334e5000 r-xp 00000000 08:05 3277243                    /usr/lib/jvm/java-6-openjdk/jre/lib/amd64/jli/libjli.so
7f27334e5000-7f27336e4000 ---p 00004000 08:05 3277243                    /usr/lib/jvm/java-6-openjdk/jre/lib/amd64/jli/libjli.so
7f27336e4000-7f27336e5000 r--p 00003000 08:05 3277243                    /usr/lib/jvm/java-6-openjdk/jre/lib/amd64/jli/libjli.so
7f27336e5000-7f27336e6000 rw-p 00004000 08:05 3277243                    /usr/lib/jvm/java-6-openjdk/jre/lib/amd64/jli/libjli.so
7f27336e6000-7f27336fe000 r-xp 00000000 08:05 9965702                    /lib/libpthread-2.11.1.so
7f27336fe000-7f27338fd000 ---p 00018000 08:05 9965702                    /lib/libpthread-2.11.1.so
7f27338fd000-7f27338fe000 r--p 00017000 08:05 9965702                    /lib/libpthread-2.11.1.so
7f27338fe000-7f27338ff000 rw-p 00018000 08:05 9965702                    /lib/libpthread-2.11.1.so
7f27338ff000-7f2733903000 rw-p 00000000 00:00 0 
7f2733903000-7f2733919000 r-xp 00000000 08:05 9961666                    /lib/libz.so.1.2.3.3
7f2733919000-7f2733b18000 ---p 00016000 08:05 9961666                    /lib/libz.so.1.2.3.3
7f2733b18000-7f2733b19000 r--p 00015000 08:05 9961666                    /lib/libz.so.1.2.3.3
7f2733b19000-7f2733b1a000 rw-p 00016000 08:05 9961666                    /lib/libz.so.1.2.3.3
7f2733b1a000-7f2733b3a000 r-xp 00000000 08:05 9961550                    /lib/ld-2.11.1.so
7f2733b52000-7f2733b5c000 rw-p 00000000 00:00 0 
7f2733b5c000-7f2733c12000 rw-p 00000000 00:00 0 
7f2733c12000-7f2733c15000 ---p 00000000 00:00 0 
7f2733c15000-7f2733d18000 rw-p 00000000 00:00 0 
7f2733d2d000-7f2733d35000 rw-s 00000000 08:05 4719497                    /tmp/hsperfdata_marcelolecar/2087
7f2733d35000-7f2733d36000 rw-p 00000000 00:00 0 
7f2733d36000-7f2733d37000 r--p 00000000 00:00 0 
7f2733d37000-7f2733d39000 rw-p 00000000 00:00 0 
7f2733d39000-7f2733d3a000 r--p 0001f000 08:05 9961550                    /lib/ld-2.11.1.so
7f2733d3a000-7f2733d3b000 rw-p 00020000 08:05 9961550                    /lib/ld-2.11.1.so
7f2733d3b000-7f2733d3c000 rw-p 00000000 00:00 0 
7fff01c5f000-7fff01c74000 rw-p 00000000 00:00 0                          [stack]
7fff01dff000-7fff01e00000 r-xp 00000000 00:00 0                          [vdso]
ffffffffff600000-ffffffffff601000 r-xp 00000000 00:00 0                  [vsyscall]

VM Arguments:
jvm_args: -Dfile.encoding=UTF-8 -Xbootclasspath:/home/marcelolecar/Programacao/eclipseHelios/android/android-sdk-linux_x86/platforms/android-7/android.jar 
java_command: br.com.mlc.lponto2.DateUtil
Launcher Type: SUN_STANDARD

Environment Variables:
PATH=/usr/local/sbin:/usr/local/bin:/usr/sbin:/usr/bin:/sbin:/bin:/usr/games
USERNAME=marcelolecar
LD_LIBRARY_PATH=/usr/lib/jvm/java-6-openjdk/jre/lib/amd64/server:/usr/lib/jvm/java-6-openjdk/jre/lib/amd64:/usr/lib/jvm/java-6-openjdk/jre/../lib/amd64:/usr/lib64/xulrunner-addons
SHELL=/bin/bash
DISPLAY=:0.0

Signal Handlers:
SIGSEGV: [libjvm.so+0x713120], sa_mask[0]=0x7ffbfeff, sa_flags=0x10000004
SIGBUS: [libjvm.so+0x713120], sa_mask[0]=0x7ffbfeff, sa_flags=0x10000004
SIGFPE: [libjvm.so+0x5d48c0], sa_mask[0]=0x7ffbfeff, sa_flags=0x10000004
SIGPIPE: [libjvm.so+0x5d48c0], sa_mask[0]=0x7ffbfeff, sa_flags=0x10000004
SIGXFSZ: [libjvm.so+0x5d48c0], sa_mask[0]=0x7ffbfeff, sa_flags=0x10000004
SIGILL: [libjvm.so+0x5d48c0], sa_mask[0]=0x7ffbfeff, sa_flags=0x10000004
SIGUSR1: SIG_DFL, sa_mask[0]=0x00000000, sa_flags=0x00000000
SIGUSR2: [libjvm.so+0x5d3fd0], sa_mask[0]=0x00000004, sa_flags=0x10000004
SIGHUP: SIG_DFL, sa_mask[0]=0x00000000, sa_flags=0x00000000
SIGINT: SIG_DFL, sa_mask[0]=0x00000000, sa_flags=0x00000000
SIGTERM: SIG_DFL, sa_mask[0]=0x00000000, sa_flags=0x00000000
SIGQUIT: SIG_DFL, sa_mask[0]=0x00000000, sa_flags=0x00000000


---------------  S Y S T E M  ---------------

OS:Ubuntu 10.04 (lucid)
uname:Linux 2.6.32-28-generic #55-Ubuntu SMP Mon Jan 10 23:42:43 UTC 2011 x86_64
libc:glibc 2.11.1 NPTL 2.11.1 
rlimit: STACK 8192k, CORE 0k, NPROC infinity, NOFILE 1024, AS infinity
load average:0.80 0.69 0.46

/proc/meminfo:
MemTotal:        4059692 kB
MemFree:         2440520 kB
Buffers:           49652 kB
Cached:           515604 kB
SwapCached:            0 kB
Active:           981624 kB
Inactive:         408700 kB
Active(anon):     825508 kB
Inactive(anon):     5048 kB
Active(file):     156116 kB
Inactive(file):   403652 kB
Unevictable:          16 kB
Mlocked:              16 kB
SwapTotal:       5370872 kB
SwapFree:        5370872 kB
Dirty:                64 kB
Writeback:             0 kB
AnonPages:        825136 kB
Mapped:           142896 kB
Shmem:              5492 kB
Slab:              55616 kB
SReclaimable:      36300 kB
SUnreclaim:        19316 kB
KernelStack:        2840 kB
PageTables:        25768 kB
NFS_Unstable:          0 kB
Bounce:                0 kB
WritebackTmp:          0 kB
CommitLimit:     7400716 kB
Committed_AS:    1698632 kB
VmallocTotal:   34359738367 kB
VmallocUsed:      338024 kB
VmallocChunk:   34359396348 kB
HardwareCorrupted:     0 kB
HugePages_Total:       0
HugePages_Free:        0
HugePages_Rsvd:        0
HugePages_Surp:        0
Hugepagesize:       2048 kB
DirectMap4k:       89536 kB
DirectMap2M:     4104192 kB


CPU:total 4 (4 cores per cpu, 1 threads per core) family 6 model 23 stepping 10, cmov, cx8, fxsr, mmx, sse, sse2, sse3, ssse3, sse4.1

Memory: 4k page, physical 4059692k(2440520k free), swap 5370872k(5370872k free)

vm_info: OpenJDK 64-Bit Server VM (19.0-b09) for linux-amd64 JRE (1.6.0_20-b20), built on Jan 27 2011 22:54:42 by "buildd" with gcc 4.4.3

time: Tue Mar  1 21:33:14 2011
elapsed time: 0 seconds

